Started GET "/" for ::1 at 2021-09-16 14:44:25 -0700

PG::ConnectionBad - could not connect to server: No such file or directory
	Is the server running locally and accepting
	connections on Unix domain socket "/var/run/postgresql/.s.PGSQL.5432"?:

Started POST "/__better_errors/b124c7217a58825c/variables" for ::1 at 2021-09-16 14:44:26 -0700
Started GET "/" for ::1 at 2021-09-16 14:45:06 -0700

ActiveRecord::NoDatabaseError - FATAL:  database "Todos_development" does not exist:

Started POST "/__better_errors/481e73febc0870aa/variables" for ::1 at 2021-09-16 14:45:06 -0700
  [1m[35m (1761.5ms)[0m  [1m[35mCREATE DATABASE "Todos_development" ENCODING = 'unicode'[0m
  ↳ bin/rails:9
  [1m[35m (1358.2ms)[0m  [1m[35mCREATE DATABASE "Todos_test" ENCODING = 'unicode'[0m
  ↳ bin/rails:9
  [1m[35m (196.4ms)[0m  [1m[35mCREATE TABLE "schema_migrations" ("version" character varying NOT NULL PRIMARY KEY)[0m
  ↳ bin/rails:9
  [1m[35m (178.4ms)[0m  [1m[35mCREATE TABLE "ar_internal_metadata" ("key" character varying NOT NULL PRIMARY KEY, "value" character varying, "created_at" timestamp NOT NULL, "updated_at" timestamp NOT NULL)[0m
  ↳ bin/rails:9
  [1m[35m (0.6ms)[0m  [1m[34mSELECT pg_try_advisory_lock(6332679603831330120)[0m
  ↳ bin/rails:9
  [1m[35m (0.7ms)[0m  [1m[34mSELECT "schema_migrations"."version" FROM "schema_migrations" ORDER BY "schema_migrations"."version" ASC[0m
  ↳ bin/rails:9
Migrating to CreateTodos (20210916214655)
  [1m[35m (0.3ms)[0m  [1m[35mBEGIN[0m
  ↳ bin/rails:9
  [1m[35m (214.6ms)[0m  [1m[35mCREATE TABLE "todos" ("id" bigserial primary key, "title" character varying NOT NULL, "body" character varying NOT NULL, "done" boolean NOT NULL, "created_at" timestamp NOT NULL, "updated_at" timestamp NOT NULL)[0m
  ↳ db/migrate/20210916214655_create_todos.rb:3
  [1m[36mActiveRecord::SchemaMigration Create (1.0ms)[0m  [1m[32mINSERT INTO "schema_migrations" ("version") VALUES ($1) RETURNING "version"[0m  [["version", "20210916214655"]]
  ↳ bin/rails:9
  [1m[35m (57.9ms)[0m  [1m[35mCOMMIT[0m
  ↳ bin/rails:9
  [1m[36mActiveRecord::InternalMetadata Load (4.7ms)[0m  [1m[34mSELECT  "ar_internal_metadata".* FROM "ar_internal_metadata" WHERE "ar_internal_metadata"."key" = $1 LIMIT $2[0m  [["key", "environment"], ["LIMIT", 1]]
  ↳ bin/rails:9
  [1m[35m (0.4ms)[0m  [1m[35mBEGIN[0m
  ↳ bin/rails:9
  [1m[36mActiveRecord::InternalMetadata Create (1.7ms)[0m  [1m[32mINSERT INTO "ar_internal_metadata" ("key", "value", "created_at", "updated_at") VALUES ($1, $2, $3, $4) RETURNING "key"[0m  [["key", "environment"], ["value", "development"], ["created_at", "2021-09-16 21:50:16.145380"], ["updated_at", "2021-09-16 21:50:16.145380"]]
  ↳ bin/rails:9
  [1m[35m (38.1ms)[0m  [1m[35mCOMMIT[0m
  ↳ bin/rails:9
  [1m[35m (0.8ms)[0m  [1m[34mSELECT pg_advisory_unlock(6332679603831330120)[0m
  ↳ bin/rails:9
  [1m[35m (2.4ms)[0m  [1m[34mSELECT "schema_migrations"."version" FROM "schema_migrations" ORDER BY "schema_migrations"."version" ASC[0m
  ↳ bin/rails:9
  [1m[35m (0.4ms)[0m  [1m[35mBEGIN[0m
  [1m[36mTodo Create (1.3ms)[0m  [1m[32mINSERT INTO "todos" ("title", "body", "done", "created_at", "updated_at") VALUES ($1, $2, $3, $4, $5) RETURNING "id"[0m  [["title", "set up rails"], ["body", "testing"], ["done", false], ["created_at", "2021-09-16 21:54:33.759856"], ["updated_at", "2021-09-16 21:54:33.759856"]]
  [1m[35m (114.0ms)[0m  [1m[35mCOMMIT[0m
  [1m[36mTodo Load (0.9ms)[0m  [1m[34mSELECT "todos".* FROM "todos"[0m
  [1m[35m (0.4ms)[0m  [1m[35mBEGIN[0m
  [1m[36mTodo Create (0.9ms)[0m  [1m[32mINSERT INTO "todos" ("title", "body", "done", "created_at", "updated_at") VALUES ($1, $2, $3, $4, $5) RETURNING "id"[0m  [["title", "understand project"], ["body", "maybe not"], ["done", false], ["created_at", "2021-09-16 21:55:31.777525"], ["updated_at", "2021-09-16 21:55:31.777525"]]
  [1m[35m (48.7ms)[0m  [1m[35mCOMMIT[0m
  [1m[36mTodo Load (0.9ms)[0m  [1m[34mSELECT "todos".* FROM "todos"[0m
Started GET "/" for ::1 at 2021-09-16 15:17:51 -0700
  [1m[35m (1.5ms)[0m  [1m[34mSELECT "schema_migrations"."version" FROM "schema_migrations" ORDER BY "schema_migrations"."version" ASC[0m
  ↳ /home/danny/.rbenv/versions/2.5.1/lib/ruby/gems/2.5.0/gems/activerecord-5.2.6/lib/active_record/log_subscriber.rb:98
Processing by StaticPagesController#root as HTML
  Rendering static_pages/root.html.erb within layouts/application
  Rendered static_pages/root.html.erb within layouts/application (16.4ms)
Completed 200 OK in 3141ms (Views: 3140.4ms | ActiveRecord: 0.0ms)


Started GET "/api/todos" for ::1 at 2021-09-16 15:18:31 -0700
Processing by Api::TodosController#index as JSON
  [1m[36mTodo Load (1.4ms)[0m  [1m[34mSELECT "todos".* FROM "todos"[0m
  ↳ app/controllers/api/todos_controller.rb:9
Completed 200 OK in 75ms (Views: 49.0ms | ActiveRecord: 19.2ms)


Started POST "/api/todos" for ::1 at 2021-09-16 15:20:47 -0700
Processing by Api::TodosController#create as JSON
  Parameters: {"title"=>"testing ajax", "body"=>"will this work?", "done"=>"false"}
Completed 400 Bad Request in 3ms (ActiveRecord: 0.0ms)



ActionController::ParameterMissing - param is missing or the value is empty: todo:
  app/controllers/api/todos_controller.rb:41:in `todo_params'
  app/controllers/api/todos_controller.rb:13:in `create'

Started GET "/" for ::1 at 2021-09-16 15:40:02 -0700

ActiveRecord::NoDatabaseError - FATAL:  database "Todos_development" does not exist:

Started POST "/__better_errors/7885ce2870d67078/variables" for ::1 at 2021-09-16 15:40:04 -0700
  [1m[35m (830.1ms)[0m  [1m[35mCREATE DATABASE "Todos_development" ENCODING = 'unicode'[0m
  ↳ bin/rails:9
  [1m[35m (296.6ms)[0m  [1m[35mCREATE DATABASE "Todos_test" ENCODING = 'unicode'[0m
  ↳ bin/rails:9
  [1m[35m (122.7ms)[0m  [1m[35mCREATE TABLE "schema_migrations" ("version" character varying NOT NULL PRIMARY KEY)[0m
  ↳ bin/rails:9
  [1m[35m (57.2ms)[0m  [1m[35mCREATE TABLE "ar_internal_metadata" ("key" character varying NOT NULL PRIMARY KEY, "value" character varying, "created_at" timestamp NOT NULL, "updated_at" timestamp NOT NULL)[0m
  ↳ bin/rails:9
  [1m[35m (2.9ms)[0m  [1m[34mSELECT pg_try_advisory_lock(6332679603831330120)[0m
  ↳ bin/rails:9
  [1m[35m (5.6ms)[0m  [1m[34mSELECT "schema_migrations"."version" FROM "schema_migrations" ORDER BY "schema_migrations"."version" ASC[0m
  ↳ bin/rails:9
Migrating to CreateTodos (20210916214655)
  [1m[35m (41.9ms)[0m  [1m[35mBEGIN[0m
  ↳ bin/rails:9
  [1m[35m (234.1ms)[0m  [1m[35mCREATE TABLE "todos" ("id" bigserial primary key, "title" character varying NOT NULL, "body" character varying NOT NULL, "done" boolean NOT NULL, "created_at" timestamp NOT NULL, "updated_at" timestamp NOT NULL)[0m
  ↳ db/migrate/20210916214655_create_todos.rb:3
  [1m[36mActiveRecord::SchemaMigration Create (787.1ms)[0m  [1m[32mINSERT INTO "schema_migrations" ("version") VALUES ($1) RETURNING "version"[0m  [["version", "20210916214655"]]
  ↳ bin/rails:9
  [1m[35m (9.1ms)[0m  [1m[35mCOMMIT[0m
  ↳ bin/rails:9
  [1m[36mActiveRecord::InternalMetadata Load (0.9ms)[0m  [1m[34mSELECT  "ar_internal_metadata".* FROM "ar_internal_metadata" WHERE "ar_internal_metadata"."key" = $1 LIMIT $2[0m  [["key", "environment"], ["LIMIT", 1]]
  ↳ bin/rails:9
  [1m[35m (0.2ms)[0m  [1m[35mBEGIN[0m
  ↳ bin/rails:9
  [1m[36mActiveRecord::InternalMetadata Create (2.3ms)[0m  [1m[32mINSERT INTO "ar_internal_metadata" ("key", "value", "created_at", "updated_at") VALUES ($1, $2, $3, $4) RETURNING "key"[0m  [["key", "environment"], ["value", "development"], ["created_at", "2021-09-16 22:40:54.927253"], ["updated_at", "2021-09-16 22:40:54.927253"]]
  ↳ bin/rails:9
  [1m[35m (5.1ms)[0m  [1m[35mCOMMIT[0m
  ↳ bin/rails:9
  [1m[35m (0.4ms)[0m  [1m[34mSELECT pg_advisory_unlock(6332679603831330120)[0m
  ↳ bin/rails:9
  [1m[35m (82.0ms)[0m  [1m[34mSELECT "schema_migrations"."version" FROM "schema_migrations" ORDER BY "schema_migrations"."version" ASC[0m
  ↳ bin/rails:9
Started GET "/" for ::1 at 2021-09-16 15:40:58 -0700
  [1m[35m (46.9ms)[0m  [1m[34mSELECT "schema_migrations"."version" FROM "schema_migrations" ORDER BY "schema_migrations"."version" ASC[0m
  ↳ /Users/John/.rbenv/versions/2.5.1/lib/ruby/gems/2.5.0/gems/activerecord-5.2.6/lib/active_record/log_subscriber.rb:98
Processing by StaticPagesController#root as HTML
  Rendering static_pages/root.html.erb within layouts/application
  Rendered static_pages/root.html.erb within layouts/application (8.4ms)
Completed 200 OK in 10596ms (Views: 10590.0ms | ActiveRecord: 0.0ms)


  [1m[35m (1.2ms)[0m  [1m[34mSELECT "schema_migrations"."version" FROM "schema_migrations" ORDER BY "schema_migrations"."version" ASC[0m
  ↳ bin/rails:9
  [1m[36mTodo Load (34.1ms)[0m  [1m[34mSELECT "todos".* FROM "todos"[0m
  ↳ db/seeds.rb:9
  [1m[35m (0.2ms)[0m  [1m[35mBEGIN[0m
  ↳ db/seeds.rb:11
  [1m[36mTodo Create (31.6ms)[0m  [1m[32mINSERT INTO "todos" ("title", "body", "done", "created_at", "updated_at") VALUES ($1, $2, $3, $4, $5) RETURNING "id"[0m  [["title", "Pass React 1"], ["body", "better study hard"], ["done", false], ["created_at", "2021-09-16 22:43:49.742828"], ["updated_at", "2021-09-16 22:43:49.742828"]]
  ↳ db/seeds.rb:11
  [1m[35m (1.5ms)[0m  [1m[35mCOMMIT[0m
  ↳ db/seeds.rb:11
  [1m[35m (0.2ms)[0m  [1m[35mBEGIN[0m
  ↳ db/seeds.rb:12
  [1m[36mTodo Create (0.7ms)[0m  [1m[32mINSERT INTO "todos" ("title", "body", "done", "created_at", "updated_at") VALUES ($1, $2, $3, $4, $5) RETURNING "id"[0m  [["title", "Pass Javascript 1"], ["body", "new language"], ["done", true], ["created_at", "2021-09-16 22:43:49.779223"], ["updated_at", "2021-09-16 22:43:49.779223"]]
  ↳ db/seeds.rb:12
  [1m[35m (0.9ms)[0m  [1m[35mCOMMIT[0m
  ↳ db/seeds.rb:12
  [1m[35m (0.1ms)[0m  [1m[35mBEGIN[0m
  ↳ db/seeds.rb:13
  [1m[36mTodo Create (0.4ms)[0m  [1m[32mINSERT INTO "todos" ("title", "body", "done", "created_at", "updated_at") VALUES ($1, $2, $3, $4, $5) RETURNING "id"[0m  [["title", "Complete fullstack project"], ["body", "so much to do"], ["done", false], ["created_at", "2021-09-16 22:43:49.783354"], ["updated_at", "2021-09-16 22:43:49.783354"]]
  ↳ db/seeds.rb:13
  [1m[35m (0.4ms)[0m  [1m[35mCOMMIT[0m
  ↳ db/seeds.rb:13
Started GET "/" for ::1 at 2021-09-16 16:05:41 -0700
Processing by StaticPagesController#root as HTML
  Rendering static_pages/root.html.erb within layouts/application
  Rendered static_pages/root.html.erb within layouts/application (3.1ms)
Completed 200 OK in 542ms (Views: 523.1ms | ActiveRecord: 0.0ms)


Started GET "/" for ::1 at 2021-09-16 16:06:24 -0700
Processing by StaticPagesController#root as HTML
  Rendering static_pages/root.html.erb within layouts/application
  Rendered static_pages/root.html.erb within layouts/application (52.8ms)
Completed 200 OK in 362ms (Views: 358.6ms | ActiveRecord: 0.0ms)


Started GET "/" for ::1 at 2021-09-16 16:07:19 -0700
Processing by StaticPagesController#root as HTML
  Rendering static_pages/root.html.erb within layouts/application
  Rendered static_pages/root.html.erb within layouts/application (11.0ms)
Completed 200 OK in 354ms (Views: 348.1ms | ActiveRecord: 0.0ms)


Started GET "/" for ::1 at 2021-09-16 16:07:31 -0700
Processing by StaticPagesController#root as HTML
  Rendering static_pages/root.html.erb within layouts/application
  Rendered static_pages/root.html.erb within layouts/application (0.6ms)
Completed 200 OK in 249ms (Views: 247.8ms | ActiveRecord: 0.0ms)


Started GET "/" for ::1 at 2021-09-16 16:08:24 -0700
  [1m[35m (17.4ms)[0m  [1m[34mSELECT "schema_migrations"."version" FROM "schema_migrations" ORDER BY "schema_migrations"."version" ASC[0m
  ↳ /Users/John/.rbenv/versions/2.5.1/lib/ruby/gems/2.5.0/gems/activerecord-5.2.6/lib/active_record/log_subscriber.rb:98
Processing by StaticPagesController#root as HTML
  Rendering static_pages/root.html.erb within layouts/application
  Rendered static_pages/root.html.erb within layouts/application (7.3ms)
Completed 200 OK in 9015ms (Views: 9012.9ms | ActiveRecord: 0.0ms)


Started GET "/" for ::1 at 2021-09-16 16:09:58 -0700
Processing by StaticPagesController#root as HTML
  Rendering static_pages/root.html.erb within layouts/application
  Rendered static_pages/root.html.erb within layouts/application (11.6ms)
Completed 200 OK in 531ms (Views: 530.0ms | ActiveRecord: 0.0ms)


Started GET "/" for ::1 at 2021-09-16 16:37:42 -0700
Processing by StaticPagesController#root as HTML
  Rendering static_pages/root.html.erb within layouts/application
  Rendered static_pages/root.html.erb within layouts/application (6.9ms)
Completed 200 OK in 544ms (Views: 542.0ms | ActiveRecord: 0.0ms)


Started GET "/" for ::1 at 2021-09-16 16:39:09 -0700
Processing by StaticPagesController#root as HTML
  Rendering static_pages/root.html.erb within layouts/application
  Rendered static_pages/root.html.erb within layouts/application (12.7ms)
Completed 200 OK in 389ms (Views: 387.6ms | ActiveRecord: 0.0ms)


Started GET "/" for ::1 at 2021-09-16 16:39:15 -0700
Processing by StaticPagesController#root as HTML
  Rendering static_pages/root.html.erb within layouts/application
  Rendered static_pages/root.html.erb within layouts/application (2.2ms)
Completed 200 OK in 375ms (Views: 374.4ms | ActiveRecord: 0.0ms)


Started GET "/" for ::1 at 2021-09-16 16:42:05 -0700
Processing by StaticPagesController#root as HTML
  Rendering static_pages/root.html.erb within layouts/application
  Rendered static_pages/root.html.erb within layouts/application (9.3ms)
Completed 200 OK in 405ms (Views: 404.4ms | ActiveRecord: 0.0ms)


Started GET "/" for ::1 at 2021-09-16 16:43:04 -0700
Processing by StaticPagesController#root as HTML
  Rendering static_pages/root.html.erb within layouts/application
  Rendered static_pages/root.html.erb within layouts/application (6.9ms)
Completed 200 OK in 280ms (Views: 277.7ms | ActiveRecord: 0.0ms)


Started GET "/" for ::1 at 2021-09-16 16:43:08 -0700
Processing by StaticPagesController#root as HTML
  Rendering static_pages/root.html.erb within layouts/application
  Rendered static_pages/root.html.erb within layouts/application (1.7ms)
Completed 200 OK in 230ms (Views: 228.8ms | ActiveRecord: 0.0ms)


Started GET "/" for ::1 at 2021-09-16 16:45:29 -0700
Processing by StaticPagesController#root as HTML
  Rendering static_pages/root.html.erb within layouts/application
  Rendered static_pages/root.html.erb within layouts/application (6.0ms)
Completed 200 OK in 3168ms (Views: 3166.7ms | ActiveRecord: 0.0ms)


Started GET "/api/todos" for ::1 at 2021-09-16 16:46:21 -0700
Processing by Api::TodosController#index as JSON
  [1m[36mTodo Load (108.3ms)[0m  [1m[34mSELECT "todos".* FROM "todos"[0m
  ↳ app/controllers/api/todos_controller.rb:9
Completed 200 OK in 252ms (Views: 45.4ms | ActiveRecord: 192.6ms)


Started GET "/api/todos" for ::1 at 2021-09-16 16:47:04 -0700
Processing by Api::TodosController#index as JSON
  [1m[36mTodo Load (24.7ms)[0m  [1m[34mSELECT "todos".* FROM "todos"[0m
  ↳ app/controllers/api/todos_controller.rb:9
Completed 200 OK in 30ms (Views: 4.9ms | ActiveRecord: 24.7ms)


Started GET "/" for ::1 at 2021-09-16 17:02:21 -0700
Processing by StaticPagesController#root as HTML
  Rendering static_pages/root.html.erb within layouts/application
  Rendered static_pages/root.html.erb within layouts/application (17.7ms)
Completed 200 OK in 3466ms (Views: 3453.6ms | ActiveRecord: 0.0ms)


Started GET "/" for ::1 at 2021-09-16 17:02:46 -0700
Processing by StaticPagesController#root as HTML
  Rendering static_pages/root.html.erb within layouts/application
  Rendered static_pages/root.html.erb within layouts/application (4.0ms)
Completed 200 OK in 2744ms (Views: 2742.1ms | ActiveRecord: 0.0ms)


Started GET "/" for ::1 at 2021-09-16 17:07:39 -0700
Processing by StaticPagesController#root as HTML
  Rendering static_pages/root.html.erb within layouts/application
  Rendered static_pages/root.html.erb within layouts/application (6.4ms)
Completed 200 OK in 2995ms (Views: 2994.2ms | ActiveRecord: 0.0ms)


Started GET "/" for ::1 at 2021-09-16 17:18:31 -0700
Processing by StaticPagesController#root as HTML
  Rendering static_pages/root.html.erb within layouts/application
  Rendered static_pages/root.html.erb within layouts/application (19.2ms)
Completed 200 OK in 4006ms (Views: 4004.9ms | ActiveRecord: 0.0ms)


Started GET "/" for ::1 at 2021-09-16 17:19:45 -0700
Processing by StaticPagesController#root as HTML
  Rendering static_pages/root.html.erb within layouts/application
  Rendered static_pages/root.html.erb within layouts/application (21.7ms)
Completed 200 OK in 2809ms (Views: 2793.3ms | ActiveRecord: 0.0ms)


Started GET "/" for ::1 at 2021-09-16 17:21:25 -0700
Processing by StaticPagesController#root as HTML
  Rendering static_pages/root.html.erb within layouts/application
  Rendered static_pages/root.html.erb within layouts/application (9.8ms)
Completed 200 OK in 3028ms (Views: 3026.9ms | ActiveRecord: 0.0ms)


Started GET "/api/todos" for ::1 at 2021-09-16 17:21:39 -0700
Processing by Api::TodosController#index as JSON
  [1m[36mTodo Load (148.6ms)[0m  [1m[34mSELECT "todos".* FROM "todos"[0m
  ↳ app/controllers/api/todos_controller.rb:9
Completed 200 OK in 188ms (Views: 37.5ms | ActiveRecord: 148.6ms)


Started GET "/" for ::1 at 2021-09-16 17:22:40 -0700
Processing by StaticPagesController#root as HTML
  Rendering static_pages/root.html.erb within layouts/application
  Rendered static_pages/root.html.erb within layouts/application (6.6ms)
Completed 200 OK in 3629ms (Views: 3627.8ms | ActiveRecord: 0.0ms)


